=== sweep: hc_258105_259104 · 1000 processes · input: csv `tests/sweep/hc_258105_259104.csv` (1000 rows) · parity: none ===
  [   1/1000] HC   258105     3.20s  status=ok     retries=0  diffs=0  anomalies=0
WARNING:root:Failed to download document from https://digital.stf.jus.br/decisoes-monocraticas/api/public/votos/354512/conteudo.pdf: HTTPSConnectionPool(host='digital.stf.jus.br', port=443): Max retries exceeded with url: /decisoes-monocraticas/api/public/votos/354512/conteudo.pdf (Caused by SSLError(SSLCertVerificationError(1, '[SSL: CERTIFICATE_VERIFY_FAILED] certificate verify failed: unable to get local issuer certificate (_ssl.c:1007)')))
WARNING:root:Failed to download document from https://digital.stf.jus.br/decisoes-monocraticas/api/public/votos/354511/conteudo.pdf: HTTPSConnectionPool(host='digital.stf.jus.br', port=443): Max retries exceeded with url: /decisoes-monocraticas/api/public/votos/354511/conteudo.pdf (Caused by SSLError(SSLCertVerificationError(1, '[SSL: CERTIFICATE_VERIFY_FAILED] certificate verify failed: unable to get local issuer certificate (_ssl.c:1007)')))
  [   2/1000] HC   258106     1.32s  status=ok     retries=0  diffs=0  anomalies=0
  [   3/1000] HC   258107     0.73s  status=ok     retries=0  diffs=0  anomalies=0
  [   4/1000] HC   258108     2.35s  status=ok     retries=0  diffs=0  anomalies=0
  [   5/1000] HC   258109     0.77s  status=ok     retries=0  diffs=0  anomalies=0
  [   6/1000] HC   258110     0.65s  status=ok     retries=0  diffs=0  anomalies=0
  [   7/1000] HC   258111     0.67s  status=ok     retries=0  diffs=0  anomalies=0
  [   8/1000] HC   258112     0.63s  status=ok     retries=0  diffs=0  anomalies=0
  [   9/1000] HC   258113     0.62s  status=ok     retries=0  diffs=0  anomalies=0
WARNING:root:Failed to download document from https://digital.stf.jus.br/decisoes-monocraticas/api/public/votos/353061/conteudo.pdf: HTTPSConnectionPool(host='digital.stf.jus.br', port=443): Max retries exceeded with url: /decisoes-monocraticas/api/public/votos/353061/conteudo.pdf (Caused by SSLError(SSLCertVerificationError(1, '[SSL: CERTIFICATE_VERIFY_FAILED] certificate verify failed: unable to get local issuer certificate (_ssl.c:1007)')))
WARNING:root:Failed to download document from https://digital.stf.jus.br/decisoes-monocraticas/api/public/votos/353059/conteudo.pdf: HTTPSConnectionPool(host='digital.stf.jus.br', port=443): Max retries exceeded with url: /decisoes-monocraticas/api/public/votos/353059/conteudo.pdf (Caused by SSLError(SSLCertVerificationError(1, '[SSL: CERTIFICATE_VERIFY_FAILED] certificate verify failed: unable to get local issuer certificate (_ssl.c:1007)')))
  [  10/1000] HC   258114     1.53s  status=ok     retries=0  diffs=0  anomalies=0
  [  11/1000] HC   258115     0.82s  status=ok     retries=0  diffs=0  anomalies=0
  [  12/1000] HC   258116     0.64s  status=ok     retries=0  diffs=0  anomalies=0
  [  13/1000] HC   258117     2.21s  status=ok     retries=0  diffs=0  anomalies=0
WARNING:root:Failed to download document from https://digital.stf.jus.br/decisoes-monocraticas/api/public/votos/359309/conteudo.pdf: HTTPSConnectionPool(host='digital.stf.jus.br', port=443): Max retries exceeded with url: /decisoes-monocraticas/api/public/votos/359309/conteudo.pdf (Caused by SSLError(SSLCertVerificationError(1, '[SSL: CERTIFICATE_VERIFY_FAILED] certificate verify failed: unable to get local issuer certificate (_ssl.c:1007)')))
WARNING:root:Failed to download document from https://digital.stf.jus.br/decisoes-monocraticas/api/public/votos/359308/conteudo.pdf: HTTPSConnectionPool(host='digital.stf.jus.br', port=443): Max retries exceeded with url: /decisoes-monocraticas/api/public/votos/359308/conteudo.pdf (Caused by SSLError(SSLCertVerificationError(1, '[SSL: CERTIFICATE_VERIFY_FAILED] certificate verify failed: unable to get local issuer certificate (_ssl.c:1007)')))
  [  14/1000] HC   258118     1.51s  status=ok     retries=0  diffs=0  anomalies=0
WARNING:root:HC 258119: no incidente in redirect (200 '')
  [  15/1000] HC   258119     0.12s  status=fail   retries=0  diffs=0  anomalies=0  ERR: scrape returned None (incidente not resolved)
  [  16/1000] HC   258120     0.74s  status=ok     retries=0  diffs=0  anomalies=0
  [  17/1000] HC   258121     1.44s  status=ok     retries=0  diffs=0  anomalies=0
  [  18/1000] HC   258122     0.93s  status=ok     retries=0  diffs=0  anomalies=0
WARNING:root:Failed to download document from https://digital.stf.jus.br/decisoes-monocraticas/api/public/votos/364117/conteudo.pdf: HTTPSConnectionPool(host='digital.stf.jus.br', port=443): Max retries exceeded with url: /decisoes-monocraticas/api/public/votos/364117/conteudo.pdf (Caused by SSLError(SSLCertVerificationError(1, '[SSL: CERTIFICATE_VERIFY_FAILED] certificate verify failed: unable to get local issuer certificate (_ssl.c:1007)')))
WARNING:root:Failed to download document from https://digital.stf.jus.br/decisoes-monocraticas/api/public/votos/364116/conteudo.pdf: HTTPSConnectionPool(host='digital.stf.jus.br', port=443): Max retries exceeded with url: /decisoes-monocraticas/api/public/votos/364116/conteudo.pdf (Caused by SSLError(SSLCertVerificationError(1, '[SSL: CERTIFICATE_VERIFY_FAILED] certificate verify failed: unable to get local issuer certificate (_ssl.c:1007)')))
  [  19/1000] HC   258123     1.29s  status=ok     retries=0  diffs=0  anomalies=0
  [  20/1000] HC   258124     1.20s  status=ok     retries=0  diffs=0  anomalies=0
  [  21/1000] HC   258125     0.78s  status=ok     retries=0  diffs=0  anomalies=0
WARNING:root:Failed to download document from https://digital.stf.jus.br/decisoes-monocraticas/api/public/votos/367349/conteudo.pdf: HTTPSConnectionPool(host='digital.stf.jus.br', port=443): Max retries exceeded with url: /decisoes-monocraticas/api/public/votos/367349/conteudo.pdf (Caused by SSLError(SSLCertVerificationError(1, '[SSL: CERTIFICATE_VERIFY_FAILED] certificate verify failed: unable to get local issuer certificate (_ssl.c:1007)')))
WARNING:root:Failed to download document from https://digital.stf.jus.br/decisoes-monocraticas/api/public/votos/367347/conteudo.pdf: HTTPSConnectionPool(host='digital.stf.jus.br', port=443): Max retries exceeded with url: /decisoes-monocraticas/api/public/votos/367347/conteudo.pdf (Caused by SSLError(SSLCertVerificationError(1, '[SSL: CERTIFICATE_VERIFY_FAILED] certificate verify failed: unable to get local issuer certificate (_ssl.c:1007)')))
  [  22/1000] HC   258126     1.17s  status=ok     retries=0  diffs=0  anomalies=0
  [  23/1000] HC   258127     1.45s  status=ok     retries=0  diffs=0  anomalies=0
WARNING:root:Failed to download document from https://digital.stf.jus.br/decisoes-monocraticas/api/public/votos/357443/conteudo.pdf: HTTPSConnectionPool(host='digital.stf.jus.br', port=443): Max retries exceeded with url: /decisoes-monocraticas/api/public/votos/357443/conteudo.pdf (Caused by SSLError(SSLCertVerificationError(1, '[SSL: CERTIFICATE_VERIFY_FAILED] certificate verify failed: unable to get local issuer certificate (_ssl.c:1007)')))
WARNING:root:Failed to download document from https://digital.stf.jus.br/decisoes-monocraticas/api/public/votos/357458/conteudo.pdf: HTTPSConnectionPool(host='digital.stf.jus.br', port=443): Max retries exceeded with url: /decisoes-monocraticas/api/public/votos/357458/conteudo.pdf (Caused by SSLError(SSLCertVerificationError(1, '[SSL: CERTIFICATE_VERIFY_FAILED] certificate verify failed: unable to get local issuer certificate (_ssl.c:1007)')))
  [  24/1000] HC   258128     1.05s  status=ok     retries=0  diffs=0  anomalies=0
WARNING:root:Failed to download document from https://digital.stf.jus.br/decisoes-monocraticas/api/public/votos/352574/conteudo.pdf: HTTPSConnectionPool(host='digital.stf.jus.br', port=443): Max retries exceeded with url: /decisoes-monocraticas/api/public/votos/352574/conteudo.pdf (Caused by SSLError(SSLCertVerificationError(1, '[SSL: CERTIFICATE_VERIFY_FAILED] certificate verify failed: unable to get local issuer certificate (_ssl.c:1007)')))
WARNING:root:Failed to download document from https://digital.stf.jus.br/decisoes-monocraticas/api/public/votos/352572/conteudo.pdf: HTTPSConnectionPool(host='digital.stf.jus.br', port=443): Max retries exceeded with url: /decisoes-monocraticas/api/public/votos/352572/conteudo.pdf (Caused by SSLError(SSLCertVerificationError(1, '[SSL: CERTIFICATE_VERIFY_FAILED] certificate verify failed: unable to get local issuer certificate (_ssl.c:1007)')))
  [  25/1000] HC   258129     0.99s  status=ok     retries=0  diffs=0  anomalies=0
  [progress] ok=24 fail=1 error=0 skipped=0 429×0 5xx×0 · 0.32 proc/s · eta 50.1 min
WARNING:root:Failed to download document from https://digital.stf.jus.br/decisoes-monocraticas/api/public/votos/365645/conteudo.pdf: HTTPSConnectionPool(host='digital.stf.jus.br', port=443): Max retries exceeded with url: /decisoes-monocraticas/api/public/votos/365645/conteudo.pdf (Caused by SSLError(SSLCertVerificationError(1, '[SSL: CERTIFICATE_VERIFY_FAILED] certificate verify failed: unable to get local issuer certificate (_ssl.c:1007)')))
WARNING:root:Failed to download document from https://digital.stf.jus.br/decisoes-monocraticas/api/public/votos/365644/conteudo.pdf: HTTPSConnectionPool(host='digital.stf.jus.br', port=443): Max retries exceeded with url: /decisoes-monocraticas/api/public/votos/365644/conteudo.pdf (Caused by SSLError(SSLCertVerificationError(1, '[SSL: CERTIFICATE_VERIFY_FAILED] certificate verify failed: unable to get local issuer certificate (_ssl.c:1007)')))
  [  26/1000] HC   258130     0.97s  status=ok     retries=0  diffs=0  anomalies=0
  [  27/1000] HC   258131     0.63s  status=ok     retries=0  diffs=0  anomalies=0
WARNING:root:Failed to download document from https://digital.stf.jus.br/decisoes-monocraticas/api/public/votos/361965/conteudo.pdf: HTTPSConnectionPool(host='digital.stf.jus.br', port=443): Max retries exceeded with url: /decisoes-monocraticas/api/public/votos/361965/conteudo.pdf (Caused by SSLError(SSLCertVerificationError(1, '[SSL: CERTIFICATE_VERIFY_FAILED] certificate verify failed: unable to get local issuer certificate (_ssl.c:1007)')))
WARNING:root:Failed to download document from https://digital.stf.jus.br/decisoes-monocraticas/api/public/votos/361963/conteudo.pdf: HTTPSConnectionPool(host='digital.stf.jus.br', port=443): Max retries exceeded with url: /decisoes-monocraticas/api/public/votos/361963/conteudo.pdf (Caused by SSLError(SSLCertVerificationError(1, '[SSL: CERTIFICATE_VERIFY_FAILED] certificate verify failed: unable to get local issuer certificate (_ssl.c:1007)')))
  [  28/1000] HC   258132     1.17s  status=ok     retries=0  diffs=0  anomalies=0
  [  29/1000] HC   258133     0.71s  status=ok     retries=0  diffs=0  anomalies=0
WARNING:root:Failed to download document from https://digital.stf.jus.br/decisoes-monocraticas/api/public/votos/362779/conteudo.pdf: HTTPSConnectionPool(host='digital.stf.jus.br', port=443): Max retries exceeded with url: /decisoes-monocraticas/api/public/votos/362779/conteudo.pdf (Caused by SSLError(SSLCertVerificationError(1, '[SSL: CERTIFICATE_VERIFY_FAILED] certificate verify failed: unable to get local issuer certificate (_ssl.c:1007)')))
WARNING:root:Failed to download document from https://digital.stf.jus.br/decisoes-monocraticas/api/public/votos/362776/conteudo.pdf: HTTPSConnectionPool(host='digital.stf.jus.br', port=443): Max retries exceeded with url: /decisoes-monocraticas/api/public/votos/362776/conteudo.pdf (Caused by SSLError(SSLCertVerificationError(1, '[SSL: CERTIFICATE_VERIFY_FAILED] certificate verify failed: unable to get local issuer certificate (_ssl.c:1007)')))
  [  30/1000] HC   258134     2.38s  status=ok     retries=0  diffs=0  anomalies=0
  [  31/1000] HC   258135     0.65s  status=ok     retries=0  diffs=0  anomalies=0
  [  32/1000] HC   258136     0.80s  status=ok     retries=0  diffs=0  anomalies=0
  [  33/1000] HC   258137     1.53s  status=ok     retries=0  diffs=0  anomalies=0
WARNING:root:Failed to download document from https://digital.stf.jus.br/decisoes-monocraticas/api/public/votos/361832/conteudo.pdf: HTTPSConnectionPool(host='digital.stf.jus.br', port=443): Max retries exceeded with url: /decisoes-monocraticas/api/public/votos/361832/conteudo.pdf (Caused by SSLError(SSLCertVerificationError(1, '[SSL: CERTIFICATE_VERIFY_FAILED] certificate verify failed: unable to get local issuer certificate (_ssl.c:1007)')))
WARNING:root:Failed to download document from https://digital.stf.jus.br/decisoes-monocraticas/api/public/votos/361823/conteudo.pdf: HTTPSConnectionPool(host='digital.stf.jus.br', port=443): Max retries exceeded with url: /decisoes-monocraticas/api/public/votos/361823/conteudo.pdf (Caused by SSLError(SSLCertVerificationError(1, '[SSL: CERTIFICATE_VERIFY_FAILED] certificate verify failed: unable to get local issuer certificate (_ssl.c:1007)')))
  [  34/1000] HC   258138     1.33s  status=ok     retries=0  diffs=0  anomalies=0
  [  35/1000] HC   258139     0.67s  status=ok     retries=0  diffs=0  anomalies=0
  [  36/1000] HC   258140     2.26s  status=ok     retries=0  diffs=0  anomalies=0
WARNING:root:Failed to download document from https://digital.stf.jus.br/decisoes-monocraticas/api/public/votos/355816/conteudo.pdf: HTTPSConnectionPool(host='digital.stf.jus.br', port=443): Max retries exceeded with url: /decisoes-monocraticas/api/public/votos/355816/conteudo.pdf (Caused by SSLError(SSLCertVerificationError(1, '[SSL: CERTIFICATE_VERIFY_FAILED] certificate verify failed: unable to get local issuer certificate (_ssl.c:1007)')))
WARNING:root:Failed to download document from https://digital.stf.jus.br/decisoes-monocraticas/api/public/votos/355815/conteudo.pdf: HTTPSConnectionPool(host='digital.stf.jus.br', port=443): Max retries exceeded with url: /decisoes-monocraticas/api/public/votos/355815/conteudo.pdf (Caused by SSLError(SSLCertVerificationError(1, '[SSL: CERTIFICATE_VERIFY_FAILED] certificate verify failed: unable to get local issuer certificate (_ssl.c:1007)')))
  [  37/1000] HC   258141     1.18s  status=ok     retries=0  diffs=0  anomalies=0
WARNING:root:Failed to download document from https://digital.stf.jus.br/decisoes-monocraticas/api/public/votos/356250/conteudo.pdf: HTTPSConnectionPool(host='digital.stf.jus.br', port=443): Max retries exceeded with url: /decisoes-monocraticas/api/public/votos/356250/conteudo.pdf (Caused by SSLError(SSLCertVerificationError(1, '[SSL: CERTIFICATE_VERIFY_FAILED] certificate verify failed: unable to get local issuer certificate (_ssl.c:1007)')))
WARNING:root:Failed to download document from https://digital.stf.jus.br/decisoes-monocraticas/api/public/votos/356251/conteudo.pdf: HTTPSConnectionPool(host='digital.stf.jus.br', port=443): Max retries exceeded with url: /decisoes-monocraticas/api/public/votos/356251/conteudo.pdf (Caused by SSLError(SSLCertVerificationError(1, '[SSL: CERTIFICATE_VERIFY_FAILED] certificate verify failed: unable to get local issuer certificate (_ssl.c:1007)')))
  [  38/1000] HC   258142     1.52s  status=ok     retries=0  diffs=0  anomalies=0
