[1/55] HC 134306 DECISÃO MONOCRÁTICA: no improvement (old 1047, new 1047)
[2/55] HC 134306 MANIFESTAÇÃO DA PGR: no improvement (old 3513, new 3407)
[3/55] HC 134502 DECISÃO MONOCRÁTICA: ok (old 2182 → new 9062 chars)
[4/55] HC 134981 DECISÃO MONOCRÁTICA: no improvement (old 753, new 753)
[5/55] HC 135027 DECISÃO MONOCRÁTICA: no improvement (old 2113, new 2113)
[6/55] HC 135027 DECISÃO MONOCRÁTICA: no improvement (old 2157, new 2157)
[7/55] HC 135027 MANIFESTAÇÃO DA PGR: ok (old 0 → new 936 chars)
[8/55] HC 135027 DECISÃO MONOCRÁTICA: ok (old 1734 → new 7345 chars)
[9/55] HC 135041 DECISÃO MONOCRÁTICA: ok (old 4919 → new 42916 chars)
[10/55] HC 135041 DECISÃO MONOCRÁTICA: no improvement (old 3457, new 3457)
[11/55] HC 135041 DECISÃO MONOCRÁTICA: no improvement (old 1653, new 1653)
[12/55] HC 135041 DECISÃO MONOCRÁTICA: ok (old 4823 → new 36383 chars)
[13/55] HC 138862 DECISÃO MONOCRÁTICA: ok (old 2630 → new 11589 chars)
[14/55] HC 139182 INTEIRO TEOR DO ACÓRDÃO: ok (old 1143 → new 9220 chars)
[15/55] HC 139182 DECISÃO MONOCRÁTICA: ok (old 1967 → new 15958 chars)
[16/55] HC 143727 INTEIRO TEOR DO ACÓRDÃO: ok (old 1319 → new 11161 chars)
[17/55] HC 143727 DECISÃO MONOCRÁTICA: ok (old 1339 → new 9434 chars)
[18/55] HC 144079 DECISÃO MONOCRÁTICA: ok (old 3526 → new 16097 chars)
[19/55] HC 148858 INTEIRO TEOR DO ACÓRDÃO: no improvement (old 2351, new 2351)
[20/55] HC 149085 DECISÃO MONOCRÁTICA: no improvement (old 1325, new 1325)
[21/55] HC 149085 DECISÃO MONOCRÁTICA: no improvement (old 2315, new 2315)
[22/55] HC 149328 INTEIRO TEOR DO ACÓRDÃO: ok (old 3871 → new 40448 chars)
[23/55] HC 158921 INTEIRO TEOR DO ACÓRDÃO: ok (old 3667 → new 29712 chars)
[24/55] HC 158921 MANIFESTAÇÃO DA PGR: ok (old 1155 → new 1184 chars)
[25/55] HC 158921 DECISÃO MONOCRÁTICA: not a PDF (first bytes: b'')
[26/55] HC 158921 DECISÃO MONOCRÁTICA: ok (old 1216 → new 4670 chars)
[27/55] HC 158975 DECISÃO MONOCRÁTICA: no improvement (old 945, new 945)
[28/55] HC 158975 DECISÃO MONOCRÁTICA: ok (old 1882 → new 13224 chars)
[29/55] HC 173030 INTEIRO TEOR DO ACÓRDÃO: ok (old 1179 → new 8486 chars)
[30/55] HC 173047 INTEIRO TEOR DO ACÓRDÃO: no improvement (old 2328, new 2328)
[31/55] HC 173507 MANIFESTAÇÃO DA PGR: no improvement (old 569, new 569)
[32/55] HC 188243 INTEIRO TEOR DO ACÓRDÃO: ok (old 1504 → new 10250 chars)
[33/55] HC 188362 DECISÃO MONOCRÁTICA: ok (old 368 → new 1409 chars)
[34/55] HC 188395 DECISÃO MONOCRÁTICA: ok (old 4184 → new 19390 chars)
[35/55] HC 188538 INTEIRO TEOR DO ACÓRDÃO: ok (old 1137 → new 9006 chars)
[36/55] HC 188538 INTEIRO TEOR DO ACÓRDÃO: ok (old 3219 → new 27376 chars)
[37/55] HC 188538 DECISÃO MONOCRÁTICA: ok (old 4184 → new 18522 chars)
[38/55] HC 188538 DECISÃO MONOCRÁTICA: ok (old 1640 → new 7079 chars)
[39/55] HC 188540 INTEIRO TEOR DO ACÓRDÃO: ok (old 2194 → new 17211 chars)
[40/55] HC 188540 DECISÃO MONOCRÁTICA: ok (old 1229 → new 8394 chars)
[41/55] HC 202903 DECISÃO MONOCRÁTICA: not a PDF (first bytes: b'')
[42/55] HC 202903 DECISÃO MONOCRÁTICA: ok (old 2064 → new 8796 chars)
[43/55] HC 203209 INTEIRO TEOR DO ACÓRDÃO: ok (old 2019 → new 16482 chars)
[44/55] HC 203209 DECISÃO MONOCRÁTICA: ok (old 1229 → new 9615 chars)
[45/55] HC 216912 DECISÃO MONOCRÁTICA: no improvement (old 2767, new 2767)
[46/55] HC 217011 INTEIRO TEOR DO ACÓRDÃO: ok (old 1962 → new 14254 chars)
[47/55] HC 217011 DECISÃO MONOCRÁTICA: ok (old 1216 → new 5236 chars)
[48/55] HC 230022 DECISÃO MONOCRÁTICA: ok (old 3078 → new 14099 chars)
[49/55] HC 230210 INTEIRO TEOR DO ACÓRDÃO: no improvement (old 2316, new 2316)
[50/55] HC 230210 INTEIRO TEOR DO ACÓRDÃO: no improvement (old 3756, new 3756)
[51/55] HC 230430 INTEIRO TEOR DO ACÓRDÃO: ok (old 2176 → new 18930 chars)
[52/55] HC 230430 INTEIRO TEOR DO ACÓRDÃO: ok (old 1765 → new 15545 chars)
[53/55] HC 230730 INTEIRO TEOR DO ACÓRDÃO: no improvement (old 2571, new 2571)
[54/55] HC 243221 INTEIRO TEOR DO ACÓRDÃO: no improvement (old 2232, new 2232)
[55/55] HC 243221 INTEIRO TEOR DO ACÓRDÃO: no improvement (old 4111, new 4111)
target pool: 78 PDFs across 35 HCs
  cached with >= 5000 chars: 23
  re-extraction candidates:             55 (of which 1 have no cache entry at all)
     31  DECISÃO MONOCRÁTICA
     20  INTEIRO TEOR DO ACÓRDÃO
      4  MANIFESTAÇÃO DA PGR

summary: improved=34 unchanged=19 failed=2
