targets: 437 PDF URLs across 322 processes
=== pdf sweep · 25 targets · out=docs/pdf-sweeps/2026-04-17-top-volume-ocr ===
[1/25] https://portal.stf.jus.br/processos/downloadPeca.asp?id=309816943&ext=.pdf: unknown_type (unknown_type)
[2/25] https://portal.stf.jus.br/processos/downloadPeca.asp?id=309494040&ext=.pdf: ok (1339 chars)
[3/25] https://portal.stf.jus.br/processos/downloadPeca.asp?id=309867163&ext=.pdf: unknown_type (unknown_type)
[4/25] https://portal.stf.jus.br/processos/downloadPeca.asp?id=309724638&ext=.pdf: unknown_type (unknown_type)
Rotated text discovered. Output will be incomplete.
Rotated text discovered. Output will be incomplete.
Rotated text discovered. Output will be incomplete.
Rotated text discovered. Output will be incomplete.
Rotated text discovered. Output will be incomplete.
Rotated text discovered. Output will be incomplete.
[5/25] https://portal.stf.jus.br/processos/downloadPeca.asp?id=309596987&ext=.pdf: ok (17219 chars)
[6/25] https://portal.stf.jus.br/processos/downloadPeca.asp?id=313088915&ext=.pdf: ok (1746 chars)
Rotated text discovered. Output will be incomplete.
Rotated text discovered. Output will be incomplete.
Rotated text discovered. Output will be incomplete.
[7/25] https://portal.stf.jus.br/processos/downloadPeca.asp?id=310477770&ext=.pdf: ok (9039 chars)
[8/25] https://portal.stf.jus.br/processos/downloadPeca.asp?id=310107338&ext=.pdf: ok (1286 chars)
[9/25] https://portal.stf.jus.br/processos/downloadPeca.asp?id=310968554&ext=.pdf: ok (373 chars)
[10/25] https://portal.stf.jus.br/processos/downloadPeca.asp?id=309867171&ext=.pdf: ok (1734 chars)
[11/25] https://portal.stf.jus.br/processos/downloadPeca.asp?id=314202481&ext=.pdf: ok (1567 chars)
[12/25] https://portal.stf.jus.br/processos/downloadPeca.asp?id=312891778&ext=.pdf: ok (838 chars)
Rotated text discovered. Output will be incomplete.
Rotated text discovered. Output will be incomplete.
Rotated text discovered. Output will be incomplete.
[13/25] https://portal.stf.jus.br/processos/downloadPeca.asp?id=311472232&ext=.pdf: ok (8073 chars)
[14/25] https://portal.stf.jus.br/processos/downloadPeca.asp?id=310980826&ext=.pdf: unknown_type (unknown_type)
[15/25] https://portal.stf.jus.br/processos/downloadPeca.asp?id=310925900&ext=.pdf: ok (1734 chars)
Rotated text discovered. Output will be incomplete.
[16/25] https://portal.stf.jus.br/processos/downloadPeca.asp?id=15338910327&ext=.pdf: ok (442 chars)
[17/25] https://portal.stf.jus.br/processos/downloadPeca.asp?id=15338853815&ext=.pdf: ok (1555 chars)
Rotated text discovered. Output will be incomplete.
Rotated text discovered. Output will be incomplete.
Rotated text discovered. Output will be incomplete.
Rotated text discovered. Output will be incomplete.
Rotated text discovered. Output will be incomplete.
Rotated text discovered. Output will be incomplete.
[18/25] https://portal.stf.jus.br/processos/downloadPeca.asp?id=311987277&ext=.pdf: ok (20993 chars)
[19/25] https://portal.stf.jus.br/processos/downloadPeca.asp?id=311860541&ext=.pdf: ok (803 chars)
[20/25] https://portal.stf.jus.br/processos/downloadPeca.asp?id=15339844433&ext=.pdf: unknown_type (unknown_type)
Rotated text discovered. Output will be incomplete.
Rotated text discovered. Output will be incomplete.
Rotated text discovered. Output will be incomplete.
Rotated text discovered. Output will be incomplete.
Rotated text discovered. Output will be incomplete.
Rotated text discovered. Output will be incomplete.
Rotated text discovered. Output will be incomplete.
[21/25] https://portal.stf.jus.br/processos/downloadPeca.asp?id=313060811&ext=.pdf: ok (22579 chars)
[22/25] https://portal.stf.jus.br/processos/downloadPeca.asp?id=312986635&ext=.pdf: unknown_type (unknown_type)
[23/25] https://portal.stf.jus.br/processos/downloadPeca.asp?id=314742856&ext=.pdf: unknown_type (unknown_type)
Rotated text discovered. Output will be incomplete.
Rotated text discovered. Output will be incomplete.
[24/25] https://portal.stf.jus.br/processos/downloadPeca.asp?id=15340766504&ext=.pdf: ok (5353 chars)
[25/25] https://portal.stf.jus.br/processos/downloadPeca.asp?id=15340728182&ext=.pdf: ok (2459 chars)
  [progress] ok=18 cached=0 fail=7 · 0.22 tgt/s · eta 0.0 min

summary: fetched=18 cached=0 failed=7
  state:  docs/pdf-sweeps/2026-04-17-top-volume-ocr/pdfs.state.json
  log:    docs/pdf-sweeps/2026-04-17-top-volume-ocr/pdfs.log.jsonl
  errors: docs/pdf-sweeps/2026-04-17-top-volume-ocr/pdfs.errors.jsonl
  report: docs/pdf-sweeps/2026-04-17-top-volume-ocr/report.md
