target pool: 437 PDFs across 322 processes
  cached with >= 5000 chars: 6
  re-extraction candidates:             431 (of which 431 have no cache entry at all)
    336  DECISÃO MONOCRÁTICA
     58  INTEIRO TEOR DO ACÓRDÃO
     37  MANIFESTAÇÃO DA PGR
=== pdf sweep · 19 targets · out=docs/pdf-sweeps/2026-04-17-top-volume-ocr/ocr-pass ===
[1/19] https://portal.stf.jus.br/processos/downloadPeca.asp?id=309816943&ext=.pdf: ok (15152 chars)
[2/19] https://portal.stf.jus.br/processos/downloadPeca.asp?id=309494040&ext=.pdf: unknown_type (unknown_type)
[3/19] https://portal.stf.jus.br/processos/downloadPeca.asp?id=309867163&ext=.pdf: unknown_type (unknown_type)
[4/19] https://portal.stf.jus.br/processos/downloadPeca.asp?id=309724638&ext=.pdf: ok (36064 chars)
[5/19] https://portal.stf.jus.br/processos/downloadPeca.asp?id=313088915&ext=.pdf: ok (11209 chars)
[6/19] https://portal.stf.jus.br/processos/downloadPeca.asp?id=310107338&ext=.pdf: ok (4869 chars)
[7/19] https://portal.stf.jus.br/processos/downloadPeca.asp?id=310968554&ext=.pdf: ok (2280 chars)
[8/19] https://portal.stf.jus.br/processos/downloadPeca.asp?id=309867171&ext=.pdf: unknown_type (unknown_type)
[9/19] https://portal.stf.jus.br/processos/downloadPeca.asp?id=314202481&ext=.pdf: ok (10433 chars)
[10/19] https://portal.stf.jus.br/processos/downloadPeca.asp?id=312891778&ext=.pdf: ok (1928 chars)
[11/19] https://portal.stf.jus.br/processos/downloadPeca.asp?id=310980826&ext=.pdf: ok (5208 chars)
[12/19] https://portal.stf.jus.br/processos/downloadPeca.asp?id=310925900&ext=.pdf: unknown_type (unknown_type)
[13/19] https://portal.stf.jus.br/processos/downloadPeca.asp?id=15338910327&ext=.pdf: ok (580 chars)
[14/19] https://portal.stf.jus.br/processos/downloadPeca.asp?id=15338853815&ext=.pdf: ok (9384 chars)
[15/19] https://portal.stf.jus.br/processos/downloadPeca.asp?id=311860541&ext=.pdf: ok (3999 chars)
[16/19] https://portal.stf.jus.br/processos/downloadPeca.asp?id=15339844433&ext=.pdf: ok (15418 chars)
[17/19] https://portal.stf.jus.br/processos/downloadPeca.asp?id=312986635&ext=.pdf: unknown_type (unknown_type)
