target pool: 46036 PDFs across 13393 processes
  cached with >= 5000 chars: 89
  re-extraction candidates:             45947 (of which 45888 have no cache entry at all)
    14436  DECISÃO MONOCRÁTICA
    10063  CERTIDÃO DE TRÂNSITO EM JULGADO
    9237  CERTIDÃO
    4809  DESPACHO
    2978  INTEIRO TEOR DO ACÓRDÃO
    2204  MANIFESTAÇÃO DA PGR
    749  TERMO DE BAIXA
    451  COMUNICAÇÃO ASSINADA
    372  VISTA À PGR
    290  TERMO DE REMESSA
    279  CERTIDÃO DE JULGAMENTO
     75  INTIMAÇÃO
      3  VISTA À PARTE AGRAVADA
      1  CERTIDÃO DE DECURSO DE PRAZO PARA RESPOSTA
=== pdf sweep · 14 targets · out=docs/pdf-sweeps/2026-04-17-minister-archetypes-ocr/ocr-pass ===
[1/14] https://portal.stf.jus.br/processos/downloadPeca.asp?id=161249025&ext=.pdf: ok (10118 chars)
[2/14] https://portal.stf.jus.br/processos/downloadPeca.asp?id=152366857&ext=.pdf: ok (20366 chars)
[3/14] https://portal.stf.jus.br/processos/downloadPeca.asp?id=314383799&ext=.pdf: ok (7877 chars)
[4/14] https://portal.stf.jus.br/processos/downloadPeca.asp?id=220006792&ext=.pdf: unknown_type (unknown_type)
[5/14] https://portal.stf.jus.br/processos/downloadPeca.asp?id=314824318&ext=.pdf: ok (25171 chars)
[6/14] https://portal.stf.jus.br/processos/downloadPeca.asp?id=313911909&ext=.pdf: ok (16752 chars)
[7/14] https://portal.stf.jus.br/processos/downloadPeca.asp?id=309860497&ext=.pdf: ok (9737 chars)
[8/14] https://portal.stf.jus.br/processos/downloadPeca.asp?id=314989877&ext=.pdf: ok (569 chars)
[9/14] https://portal.stf.jus.br/processos/downloadPeca.asp?id=15340742806&ext=.pdf: ok (569 chars)
[10/14] https://portal.stf.jus.br/processos/downloadPeca.asp?id=15341941914&ext=.pdf: ok (1552 chars)
[11/14] https://portal.stf.jus.br/processos/downloadPeca.asp?id=15342287340&ext=.pdf: ok (2757 chars)
[12/14] https://portal.stf.jus.br/processos/downloadPeca.asp?id=15342287342&ext=.pdf: ok (2762 chars)
[13/14] https://portal.stf.jus.br/processos/downloadPeca.asp?id=15347241121&ext=.pdf: ok (1409 chars)
[14/14] https://portal.stf.jus.br/processos/downloadPeca.asp?id=15361789918&ext=.pdf: ok (2571 chars)

summary: fetched=13 cached=0 failed=1
  state:  docs/pdf-sweeps/2026-04-17-minister-archetypes-ocr/ocr-pass/pdfs.state.json
  log:    docs/pdf-sweeps/2026-04-17-minister-archetypes-ocr/ocr-pass/pdfs.log.jsonl
  errors: docs/pdf-sweeps/2026-04-17-minister-archetypes-ocr/ocr-pass/pdfs.errors.jsonl
  report: docs/pdf-sweeps/2026-04-17-minister-archetypes-ocr/ocr-pass/report.md
