=== sweep: hc_last_100 · 100 processes · input: csv `tests/sweep/hc_last_100.csv` (100 rows) · parity: none ===
  [   1/100] HC   271060     0.81s  status=ok     retries=0  diffs=0  anomalies=0
  [   2/100] HC   271059     1.70s  status=ok     retries=0  diffs=0  anomalies=0
  [   3/100] HC   271058     0.53s  status=ok     retries=0  diffs=0  anomalies=0
  [   4/100] HC   271057     0.62s  status=ok     retries=0  diffs=0  anomalies=0
  [   5/100] HC   271056     0.64s  status=ok     retries=0  diffs=0  anomalies=0
  [   6/100] HC   271055     0.67s  status=ok     retries=0  diffs=0  anomalies=0
  [   7/100] HC   271054     0.62s  status=ok     retries=0  diffs=0  anomalies=0
  [   8/100] HC   271053     0.58s  status=ok     retries=0  diffs=0  anomalies=0
  [   9/100] HC   271052     2.18s  status=ok     retries=0  diffs=0  anomalies=0
  [  10/100] HC   271051     0.67s  status=ok     retries=0  diffs=0  anomalies=0
  [  11/100] HC   271050     0.65s  status=ok     retries=0  diffs=0  anomalies=0
  [  12/100] HC   271049     0.89s  status=ok     retries=0  diffs=0  anomalies=0
  [  13/100] HC   271041     0.63s  status=ok     retries=0  diffs=0  anomalies=0
  [  14/100] HC   271039     0.65s  status=ok     retries=0  diffs=0  anomalies=0
  [  15/100] HC   271038     0.65s  status=ok     retries=0  diffs=0  anomalies=0
  [  16/100] HC   271037     1.33s  status=ok     retries=0  diffs=0  anomalies=0
  [  17/100] HC   271036     0.86s  status=ok     retries=0  diffs=0  anomalies=0
  [  18/100] HC   271035     0.64s  status=ok     retries=0  diffs=0  anomalies=0
  [  19/100] HC   271034     0.57s  status=ok     retries=0  diffs=0  anomalies=0
  [  20/100] HC   271033     0.57s  status=ok     retries=0  diffs=0  anomalies=0
  [  21/100] HC   271032     0.65s  status=ok     retries=0  diffs=0  anomalies=0
  [  22/100] HC   271031     0.65s  status=ok     retries=0  diffs=0  anomalies=0
  [  23/100] HC   271030     0.84s  status=ok     retries=0  diffs=0  anomalies=0
  [  24/100] HC   271029     0.61s  status=ok     retries=0  diffs=0  anomalies=0
  [  25/100] HC   271028     0.63s  status=ok     retries=0  diffs=0  anomalies=0
  [progress] ok=25 fail=0 error=0 skipped=0 429×0 5xx×0 · 0.37 proc/s · eta 3.4 min
  [  26/100] HC   271027     0.56s  status=ok     retries=0  diffs=0  anomalies=0
  [  27/100] HC   271026     1.45s  status=ok     retries=0  diffs=0  anomalies=0
  [  28/100] HC   271025     0.63s  status=ok     retries=0  diffs=0  anomalies=0
  [  29/100] HC   271024     0.61s  status=ok     retries=0  diffs=0  anomalies=0
  [  30/100] HC   271023     0.65s  status=ok     retries=0  diffs=0  anomalies=0
  [  31/100] HC   271022     0.75s  status=ok     retries=0  diffs=0  anomalies=0
  [  32/100] HC   271021     0.80s  status=ok     retries=0  diffs=0  anomalies=0
  [  33/100] HC   271020     0.68s  status=ok     retries=0  diffs=0  anomalies=0
  [  34/100] HC   271017     1.70s  status=ok     retries=0  diffs=0  anomalies=0
  [  35/100] HC   271015     0.70s  status=ok     retries=0  diffs=0  anomalies=0
  [  36/100] HC   271014     0.66s  status=ok     retries=0  diffs=0  anomalies=0
  [  37/100] HC   271013     0.56s  status=ok     retries=0  diffs=0  anomalies=0
  [  38/100] HC   271008     0.91s  status=ok     retries=0  diffs=0  anomalies=0
  [  39/100] HC   270994     0.62s  status=ok     retries=0  diffs=0  anomalies=0
  [  40/100] HC   270991     0.60s  status=ok     retries=0  diffs=0  anomalies=0
  [  41/100] HC   270989     1.38s  status=ok     retries=0  diffs=0  anomalies=0
  [  42/100] HC   270913     0.68s  status=ok     retries=0  diffs=0  anomalies=0
  [  43/100] HC   270902     0.69s  status=ok     retries=0  diffs=0  anomalies=0
  [  44/100] HC   270900     0.62s  status=ok     retries=0  diffs=0  anomalies=0
  [  45/100] HC   270899     0.55s  status=ok     retries=0  diffs=0  anomalies=0
  [  46/100] HC   270898     0.64s  status=ok     retries=0  diffs=0  anomalies=0
  [  47/100] HC   270897     0.65s  status=ok     retries=0  diffs=0  anomalies=0
  [  48/100] HC   270896     0.64s  status=ok     retries=0  diffs=0  anomalies=0
  [  49/100] HC   270895     0.62s  status=ok     retries=0  diffs=0  anomalies=0
  [  50/100] HC   270894     0.63s  status=ok     retries=0  diffs=0  anomalies=0
  [progress] ok=50 fail=0 error=0 skipped=0 429×0 5xx×0 · 0.36 proc/s · eta 2.3 min
  [  51/100] HC   270893     0.71s  status=ok     retries=0  diffs=0  anomalies=0
  [  52/100] HC   270892     2.23s  status=ok     retries=0  diffs=0  anomalies=0
  [  53/100] HC   270891     0.62s  status=ok     retries=0  diffs=0  anomalies=0
  [  54/100] HC   270890     0.69s  status=ok     retries=0  diffs=0  anomalies=0
  [  55/100] HC   270889     0.61s  status=ok     retries=0  diffs=0  anomalies=0
  [  56/100] HC   270888     0.75s  status=ok     retries=0  diffs=0  anomalies=0
  [  57/100] HC   270887     0.60s  status=ok     retries=0  diffs=0  anomalies=0
  [  58/100] HC   270886     0.70s  status=ok     retries=0  diffs=0  anomalies=0
  [  59/100] HC   270885     2.45s  status=ok     retries=0  diffs=0  anomalies=0
  [  60/100] HC   270884     0.66s  status=ok     retries=0  diffs=0  anomalies=0
  [  61/100] HC   270883     0.79s  status=ok     retries=0  diffs=0  anomalies=0
  [  62/100] HC   270882     1.53s  status=ok     retries=0  diffs=0  anomalies=0
  [  63/100] HC   270881     0.60s  status=ok     retries=0  diffs=0  anomalies=0
  [  64/100] HC   270880     0.64s  status=ok     retries=0  diffs=0  anomalies=0
  [  65/100] HC   270879     0.66s  status=ok     retries=0  diffs=0  anomalies=0
  [  66/100] HC   270878     0.58s  status=ok     retries=0  diffs=0  anomalies=0
  [  67/100] HC   270877     0.85s  status=ok     retries=0  diffs=0  anomalies=0
  [  68/100] HC   270876     0.65s  status=ok     retries=0  diffs=0  anomalies=0
  [  69/100] HC   270875     0.60s  status=ok     retries=0  diffs=0  anomalies=0
  [  70/100] HC   270874     0.66s  status=ok     retries=0  diffs=0  anomalies=0
  [  71/100] HC   270867     0.68s  status=ok     retries=0  diffs=0  anomalies=0
  [  72/100] HC   270866     0.72s  status=ok     retries=0  diffs=0  anomalies=0
  [  73/100] HC   270865     2.69s  status=ok     retries=0  diffs=0  anomalies=0
  [  74/100] HC   270864     0.64s  status=ok     retries=0  diffs=0  anomalies=0
  [  75/100] HC   270863     0.70s  status=ok     retries=0  diffs=0  anomalies=0
  [progress] ok=75 fail=0 error=0 skipped=0 429×0 5xx×0 · 0.36 proc/s · eta 1.2 min
  [  76/100] HC   270862     1.58s  status=ok     retries=0  diffs=0  anomalies=0
  [  77/100] HC   270861     0.64s  status=ok     retries=0  diffs=0  anomalies=0
  [  78/100] HC   270860     0.67s  status=ok     retries=0  diffs=0  anomalies=0
  [  79/100] HC   270859     0.61s  status=ok     retries=0  diffs=0  anomalies=0
  [  80/100] HC   270858     0.56s  status=ok     retries=0  diffs=0  anomalies=0
  [  81/100] HC   270857    64.02s  status=ok     retries=403×6  diffs=0  anomalies=0
  [  82/100] HC   270856     1.75s  status=ok     retries=0  diffs=0  anomalies=0
  [  83/100] HC   270855     0.65s  status=ok     retries=0  diffs=0  anomalies=0
  [  84/100] HC   270854     0.79s  status=ok     retries=0  diffs=0  anomalies=0
  [  85/100] HC   270850     1.33s  status=ok     retries=0  diffs=0  anomalies=0
  [  86/100] HC   270849     0.57s  status=ok     retries=0  diffs=0  anomalies=0
  [  87/100] HC   270848     0.66s  status=ok     retries=0  diffs=0  anomalies=0
  [  88/100] HC   270847     0.62s  status=ok     retries=0  diffs=0  anomalies=0
  [  89/100] HC   270846     1.08s  status=ok     retries=0  diffs=0  anomalies=0
  [  90/100] HC   270845     0.63s  status=ok     retries=0  diffs=0  anomalies=0
  [  91/100] HC   270844     0.58s  status=ok     retries=0  diffs=0  anomalies=0
  [  92/100] HC   270843     0.60s  status=ok     retries=0  diffs=0  anomalies=0
  [  93/100] HC   270842     0.60s  status=ok     retries=0  diffs=0  anomalies=0
  [  94/100] HC   270841     0.65s  status=ok     retries=0  diffs=0  anomalies=0
  [  95/100] HC   270840     0.61s  status=ok     retries=0  diffs=0  anomalies=0
  [  96/100] HC   270839     0.71s  status=ok     retries=0  diffs=0  anomalies=0
  [  97/100] HC   270838     0.63s  status=ok     retries=0  diffs=0  anomalies=0
  [  98/100] HC   270837     0.68s  status=ok     retries=0  diffs=0  anomalies=0
  [  99/100] HC   270836     0.69s  status=ok     retries=0  diffs=0  anomalies=0
  [ 100/100] HC   270835     1.55s  status=ok     retries=0  diffs=0  anomalies=0
  [progress] ok=100 fail=0 error=0 skipped=0 429×0 5xx×0 · 0.29 proc/s · eta 0.0 min

summary: ok=100 fail=0 error=0 skipped=0 429×0 5xx×0
  state:  docs/sweep-results/2026-04-16-H-hc-last-100/sweep.state.json
  log:    docs/sweep-results/2026-04-16-H-hc-last-100/sweep.log.jsonl
  errors: docs/sweep-results/2026-04-16-H-hc-last-100/sweep.errors.jsonl
  report: docs/sweep-results/2026-04-16-H-hc-last-100/report.md
